<?xml version="1.0" encoding="UTF-8"?>
<!-- Generated by org.testng.reporters.JUnitReportReporter -->
<testsuite hostname="EPPLKRAW0119" name="tests.LoginPageTest" tests="2" failures="0" timestamp="27 Feb 2015 16:15:29 GMT" time="20.784" errors="0">
  <testcase name="sendEmailToDrafts" time="14.581" classname="tests.LoginPageTest"/>
  <testcase name="logInTest" time="6.203" classname="tests.LoginPageTest"/>
</testsuite> <!-- tests.LoginPageTest -->
