<?xml version="1.0" encoding="UTF-8"?>
<!-- Generated by org.testng.reporters.JUnitReportReporter -->
<testsuite hostname="EPPLKRAW0119" name="tests.LoginPageTest" tests="1" failures="0" timestamp="22 Feb 2015 19:19:02 GMT" time="15.439" errors="0">
  <testcase name="logInTest" time="15.439" classname="tests.LoginPageTest"/>
</testsuite> <!-- tests.LoginPageTest -->
