<?xml version="1.0" encoding="UTF-8"?>
<!-- Generated by org.testng.reporters.JUnitReportReporter -->
<testsuite hostname="ChaparrÃ³n" name="tests.LoginPageTest" tests="2" failures="0" timestamp="23 Feb 2015 22:10:49 GMT" time="84.036" errors="0">
  <testcase name="logInTest" time="51.258" classname="tests.LoginPageTest"/>
  <testcase name="sendEmail" time="32.778" classname="tests.LoginPageTest"/>
</testsuite> <!-- tests.LoginPageTest -->
